2024-12-27T02:26:54.683+04:00  INFO 1604 --- [WalletApp] [main] c.wallet.WalletApp.WalletAppApplication  : Starting WalletAppApplication using Java 17.0.12 with PID 1604 (C:\Users\kir_d\Desktop\wallet\WalletApp\target\classes started by kir_d in C:\Users\kir_d\Desktop\wallet)
2024-12-27T02:26:54.689+04:00  INFO 1604 --- [WalletApp] [main] c.wallet.WalletApp.WalletAppApplication  : No active profile set, falling back to 1 default profile: "default"
2024-12-27T02:26:54.953+04:00 ERROR 1604 --- [WalletApp] [main] o.s.boot.SpringApplication               : Application run failed

java.lang.IllegalStateException: No Docker Compose file found in directory 'C:\Users\kir_d\Desktop\wallet\.'
	at org.springframework.util.Assert.state(Assert.java:101) ~[spring-core-6.2.1.jar:6.2.1]
	at org.springframework.boot.docker.compose.lifecycle.DockerComposeLifecycleManager.getComposeFile(DockerComposeLifecycleManager.java:153) ~[spring-boot-docker-compose-3.4.1.jar:3.4.1]
	at org.springframework.boot.docker.compose.lifecycle.DockerComposeLifecycleManager.start(DockerComposeLifecycleManager.java:111) ~[spring-boot-docker-compose-3.4.1.jar:3.4.1]
	at org.springframework.boot.docker.compose.lifecycle.DockerComposeListener.onApplicationEvent(DockerComposeListener.java:53) ~[spring-boot-docker-compose-3.4.1.jar:3.4.1]
	at org.springframework.boot.docker.compose.lifecycle.DockerComposeListener.onApplicationEvent(DockerComposeListener.java:35) ~[spring-boot-docker-compose-3.4.1.jar:3.4.1]
	at org.springframework.context.event.SimpleApplicationEventMulticaster.doInvokeListener(SimpleApplicationEventMulticaster.java:185) ~[spring-context-6.2.1.jar:6.2.1]
	at org.springframework.context.event.SimpleApplicationEventMulticaster.invokeListener(SimpleApplicationEventMulticaster.java:178) ~[spring-context-6.2.1.jar:6.2.1]
	at org.springframework.context.event.SimpleApplicationEventMulticaster.multicastEvent(SimpleApplicationEventMulticaster.java:156) ~[spring-context-6.2.1.jar:6.2.1]
	at org.springframework.context.event.SimpleApplicationEventMulticaster.multicastEvent(SimpleApplicationEventMulticaster.java:138) ~[spring-context-6.2.1.jar:6.2.1]
	at org.springframework.boot.context.event.EventPublishingRunListener.multicastInitialEvent(EventPublishingRunListener.java:136) ~[spring-boot-3.4.1.jar:3.4.1]
	at org.springframework.boot.context.event.EventPublishingRunListener.contextLoaded(EventPublishingRunListener.java:98) ~[spring-boot-3.4.1.jar:3.4.1]
	at org.springframework.boot.SpringApplicationRunListeners.lambda$contextLoaded$4(SpringApplicationRunListeners.java:72) ~[spring-boot-3.4.1.jar:3.4.1]
	at java.base/java.lang.Iterable.forEach(Iterable.java:75) ~[na:na]
	at org.springframework.boot.SpringApplicationRunListeners.doWithListeners(SpringApplicationRunListeners.java:118) ~[spring-boot-3.4.1.jar:3.4.1]
	at org.springframework.boot.SpringApplicationRunListeners.doWithListeners(SpringApplicationRunListeners.java:112) ~[spring-boot-3.4.1.jar:3.4.1]
	at org.springframework.boot.SpringApplicationRunListeners.contextLoaded(SpringApplicationRunListeners.java:72) ~[spring-boot-3.4.1.jar:3.4.1]
	at org.springframework.boot.SpringApplication.prepareContext(SpringApplication.java:416) ~[spring-boot-3.4.1.jar:3.4.1]
	at org.springframework.boot.SpringApplication.run(SpringApplication.java:317) ~[spring-boot-3.4.1.jar:3.4.1]
	at org.springframework.boot.SpringApplication.run(SpringApplication.java:1361) ~[spring-boot-3.4.1.jar:3.4.1]
	at org.springframework.boot.SpringApplication.run(SpringApplication.java:1350) ~[spring-boot-3.4.1.jar:3.4.1]
	at com.wallet.WalletApp.WalletAppApplication.main(WalletAppApplication.java:12) ~[classes/:na]

2024-12-27T02:47:34.874+04:00  INFO 10000 --- [WalletApp] [main] c.wallet.WalletApp.WalletAppApplication  : Starting WalletAppApplication using Java 17.0.12 with PID 10000 (C:\Users\kir_d\Desktop\wallet\WalletApp\target\classes started by kir_d in C:\Users\kir_d\Desktop\wallet)
2024-12-27T02:47:34.876+04:00  INFO 10000 --- [WalletApp] [main] c.wallet.WalletApp.WalletAppApplication  : No active profile set, falling back to 1 default profile: "default"
2024-12-27T02:47:35.136+04:00 ERROR 10000 --- [WalletApp] [main] o.s.boot.SpringApplication               : Application run failed

java.lang.IllegalStateException: No Docker Compose file found in directory 'C:\Users\kir_d\Desktop\wallet\.'
	at org.springframework.util.Assert.state(Assert.java:101) ~[spring-core-6.2.1.jar:6.2.1]
	at org.springframework.boot.docker.compose.lifecycle.DockerComposeLifecycleManager.getComposeFile(DockerComposeLifecycleManager.java:153) ~[spring-boot-docker-compose-3.4.1.jar:3.4.1]
	at org.springframework.boot.docker.compose.lifecycle.DockerComposeLifecycleManager.start(DockerComposeLifecycleManager.java:111) ~[spring-boot-docker-compose-3.4.1.jar:3.4.1]
	at org.springframework.boot.docker.compose.lifecycle.DockerComposeListener.onApplicationEvent(DockerComposeListener.java:53) ~[spring-boot-docker-compose-3.4.1.jar:3.4.1]
	at org.springframework.boot.docker.compose.lifecycle.DockerComposeListener.onApplicationEvent(DockerComposeListener.java:35) ~[spring-boot-docker-compose-3.4.1.jar:3.4.1]
	at org.springframework.context.event.SimpleApplicationEventMulticaster.doInvokeListener(SimpleApplicationEventMulticaster.java:185) ~[spring-context-6.2.1.jar:6.2.1]
	at org.springframework.context.event.SimpleApplicationEventMulticaster.invokeListener(SimpleApplicationEventMulticaster.java:178) ~[spring-context-6.2.1.jar:6.2.1]
	at org.springframework.context.event.SimpleApplicationEventMulticaster.multicastEvent(SimpleApplicationEventMulticaster.java:156) ~[spring-context-6.2.1.jar:6.2.1]
	at org.springframework.context.event.SimpleApplicationEventMulticaster.multicastEvent(SimpleApplicationEventMulticaster.java:138) ~[spring-context-6.2.1.jar:6.2.1]
	at org.springframework.boot.context.event.EventPublishingRunListener.multicastInitialEvent(EventPublishingRunListener.java:136) ~[spring-boot-3.4.1.jar:3.4.1]
	at org.springframework.boot.context.event.EventPublishingRunListener.contextLoaded(EventPublishingRunListener.java:98) ~[spring-boot-3.4.1.jar:3.4.1]
	at org.springframework.boot.SpringApplicationRunListeners.lambda$contextLoaded$4(SpringApplicationRunListeners.java:72) ~[spring-boot-3.4.1.jar:3.4.1]
	at java.base/java.lang.Iterable.forEach(Iterable.java:75) ~[na:na]
	at org.springframework.boot.SpringApplicationRunListeners.doWithListeners(SpringApplicationRunListeners.java:118) ~[spring-boot-3.4.1.jar:3.4.1]
	at org.springframework.boot.SpringApplicationRunListeners.doWithListeners(SpringApplicationRunListeners.java:112) ~[spring-boot-3.4.1.jar:3.4.1]
	at org.springframework.boot.SpringApplicationRunListeners.contextLoaded(SpringApplicationRunListeners.java:72) ~[spring-boot-3.4.1.jar:3.4.1]
	at org.springframework.boot.SpringApplication.prepareContext(SpringApplication.java:416) ~[spring-boot-3.4.1.jar:3.4.1]
	at org.springframework.boot.SpringApplication.run(SpringApplication.java:317) ~[spring-boot-3.4.1.jar:3.4.1]
	at org.springframework.boot.SpringApplication.run(SpringApplication.java:1361) ~[spring-boot-3.4.1.jar:3.4.1]
	at org.springframework.boot.SpringApplication.run(SpringApplication.java:1350) ~[spring-boot-3.4.1.jar:3.4.1]
	at com.wallet.WalletApp.WalletAppApplication.main(WalletAppApplication.java:12) ~[classes/:na]

2024-12-27T03:15:22.181+04:00  INFO 8480 --- [WalletApp] [main] c.wallet.WalletApp.WalletAppApplication  : Starting WalletAppApplication using Java 17.0.12 with PID 8480 (C:\Users\kir_d\Desktop\wallet\WalletApp\target\classes started by kir_d in C:\Users\kir_d\Desktop\wallet)
2024-12-27T03:15:22.183+04:00  INFO 8480 --- [WalletApp] [main] c.wallet.WalletApp.WalletAppApplication  : No active profile set, falling back to 1 default profile: "default"
2024-12-27T03:15:22.440+04:00 ERROR 8480 --- [WalletApp] [main] o.s.boot.SpringApplication               : Application run failed

java.lang.IllegalStateException: No Docker Compose file found in directory 'C:\Users\kir_d\Desktop\wallet\.'
	at org.springframework.util.Assert.state(Assert.java:101) ~[spring-core-6.2.1.jar:6.2.1]
	at org.springframework.boot.docker.compose.lifecycle.DockerComposeLifecycleManager.getComposeFile(DockerComposeLifecycleManager.java:153) ~[spring-boot-docker-compose-3.4.1.jar:3.4.1]
	at org.springframework.boot.docker.compose.lifecycle.DockerComposeLifecycleManager.start(DockerComposeLifecycleManager.java:111) ~[spring-boot-docker-compose-3.4.1.jar:3.4.1]
	at org.springframework.boot.docker.compose.lifecycle.DockerComposeListener.onApplicationEvent(DockerComposeListener.java:53) ~[spring-boot-docker-compose-3.4.1.jar:3.4.1]
	at org.springframework.boot.docker.compose.lifecycle.DockerComposeListener.onApplicationEvent(DockerComposeListener.java:35) ~[spring-boot-docker-compose-3.4.1.jar:3.4.1]
	at org.springframework.context.event.SimpleApplicationEventMulticaster.doInvokeListener(SimpleApplicationEventMulticaster.java:185) ~[spring-context-6.2.1.jar:6.2.1]
	at org.springframework.context.event.SimpleApplicationEventMulticaster.invokeListener(SimpleApplicationEventMulticaster.java:178) ~[spring-context-6.2.1.jar:6.2.1]
	at org.springframework.context.event.SimpleApplicationEventMulticaster.multicastEvent(SimpleApplicationEventMulticaster.java:156) ~[spring-context-6.2.1.jar:6.2.1]
	at org.springframework.context.event.SimpleApplicationEventMulticaster.multicastEvent(SimpleApplicationEventMulticaster.java:138) ~[spring-context-6.2.1.jar:6.2.1]
	at org.springframework.boot.context.event.EventPublishingRunListener.multicastInitialEvent(EventPublishingRunListener.java:136) ~[spring-boot-3.4.1.jar:3.4.1]
	at org.springframework.boot.context.event.EventPublishingRunListener.contextLoaded(EventPublishingRunListener.java:98) ~[spring-boot-3.4.1.jar:3.4.1]
	at org.springframework.boot.SpringApplicationRunListeners.lambda$contextLoaded$4(SpringApplicationRunListeners.java:72) ~[spring-boot-3.4.1.jar:3.4.1]
	at java.base/java.lang.Iterable.forEach(Iterable.java:75) ~[na:na]
	at org.springframework.boot.SpringApplicationRunListeners.doWithListeners(SpringApplicationRunListeners.java:118) ~[spring-boot-3.4.1.jar:3.4.1]
	at org.springframework.boot.SpringApplicationRunListeners.doWithListeners(SpringApplicationRunListeners.java:112) ~[spring-boot-3.4.1.jar:3.4.1]
	at org.springframework.boot.SpringApplicationRunListeners.contextLoaded(SpringApplicationRunListeners.java:72) ~[spring-boot-3.4.1.jar:3.4.1]
	at org.springframework.boot.SpringApplication.prepareContext(SpringApplication.java:416) ~[spring-boot-3.4.1.jar:3.4.1]
	at org.springframework.boot.SpringApplication.run(SpringApplication.java:317) ~[spring-boot-3.4.1.jar:3.4.1]
	at org.springframework.boot.SpringApplication.run(SpringApplication.java:1361) ~[spring-boot-3.4.1.jar:3.4.1]
	at org.springframework.boot.SpringApplication.run(SpringApplication.java:1350) ~[spring-boot-3.4.1.jar:3.4.1]
	at com.wallet.WalletApp.WalletAppApplication.main(WalletAppApplication.java:12) ~[classes/:na]

